C51 COMPILER V9.60.0.0   OTHER                                                             05/09/2023 16:49:05 PAGE 1   


C51 COMPILER V9.60.0.0, COMPILATION OF MODULE OTHER
OBJECT MODULE PLACED IN .\Output\Other.obj
COMPILER INVOKED BY: D:\Program_Files\KEIL5_521A\C51\BIN\C51.EXE User\Other.c OMF2 OPTIMIZE(8,SPEED) BROWSE INCDIR(.\Inc
                    -;.\User;.\Application_Library;.\Project) DEBUG PRINT(.\List\Other.lst) OBJECT(.\Output\Other.obj)

line level    source

   1                  #include        "..\Application_Library\Global.h"
   2          
   3          
   4                  uchar   gb_1ms=0;
   5                  uchar   data    gb_20ms=0;
   6                  uchar   gb_100ms=0;
   7                  uchar   gb_200ms=0;
   8                  uchar   gb_1s=0;
   9          
  10                  //
  11                  uchar   xdata   b_checkTime=0;
  12                  //
  13          
  14                  
  15                  //
  16                  str_pa  data    gbs_paLayer={0,0,0,0,0};
  17                  //
  18                  
  19          
  20          
  21          /*-----------------------------------------------------------------
  22          函数名称： void delay_1us()
  23          函数功能： 延迟1us
  24          输入参数： 无
  25          返 回 值： 无
  26          -----------------------------------------------------------------*/
  27                  void    delay_1us()
  28                  {
  29   1              #if     (XS16TK06X)
  30   1                      #if     (SYSCLK_SEL==0)
  31   1                              _nop_();
  32   1                              _nop_();
  33   1                              _nop_();
  34   1                              _nop_();
  35   1                              _nop_();
  36   1                              _nop_();
  37   1                      #elif (SYSCLK_SEL==1)
                                      _nop_();
                                      _nop_();
                                      _nop_();
                              #else
                                      #error 自行配置时间
                              #endif
  44   1              #else
                              #error 自行配置时间
                      #endif  
  47   1                      
  48   1              }
  49          
  50          
  51          /*-----------------------------------------------------------------
  52          函数名称： void delay_2us()
  53          函数功能： 延迟1us
  54          输入参数： 无
C51 COMPILER V9.60.0.0   OTHER                                                             05/09/2023 16:49:05 PAGE 2   

  55          返 回 值： 无
  56          -----------------------------------------------------------------*/
  57                  void    delay_2us()
  58                  {
  59   1                      delay_1us();    
  60   1                      delay_1us();
  61   1              }
  62          
  63          
  64          /*-----------------------------------------------------------------
  65          函数名称： void delay_5us()
  66          函数功能： 延迟1us
  67          输入参数： 无
  68          返 回 值： 无
  69          -----------------------------------------------------------------*/
  70                  void    delay_5us()
  71                  {
  72   1                      delay_1us();    
  73   1                      delay_1us();
  74   1                      delay_1us();    
  75   1                      delay_1us();
  76   1                      delay_1us();
  77   1              }
  78          
  79          
  80          
  81          /*-----------------------------------------------------------------
  82          函数名称： void MCU_other_Init(void)
  83          函数功能： MCU其他初始化
  84          输入参数： 无
  85          返 回 值： 无
  86          -----------------------------------------------------------------*/
  87                  void    MCU_other_Init()
  88                  {
  89   1                      //open_buz(1);
  90   1      
  91   1                      //codingSwitch_init();  //编码开关口初始化
  92   1                      /*状态初始化*/
  93   1      
  94   1      
  95   1                      open_buz(2);    //开机音
  96   1                      //open_buz(5);  //工作完成音
  97   1                      
  98   1              }
  99          
 100          
 101          /*-----------------------------------------------------------------
 102          函数名称： void check_deal(void)
 103          函数功能： 上电自检,时间基准100ms
 104          输入参数： 无
 105          返 回 值： 无
 106          -----------------------------------------------------------------*/
 107                  void    check_deal()
 108                  {
 109   1              if(gf_check==0)
 110   1              {
 111   2                  if(b_checkTime>=50)//50 //自检全亮时间
 112   2                  {
 113   3                      gf_check=1;
 114   3                      //open_buz(1);
 115   3                      //自检结束处理
 116   3                  }
C51 COMPILER V9.60.0.0   OTHER                                                             05/09/2023 16:49:05 PAGE 3   

 117   2              }
 118   1              }
 119          
 120          
 121          /*-----------------------------------------------------------------
 122          函数名称： void ledFlash_init()
 123          函数功能： 显示闪烁初始化
 124          输入参数： 无
 125          返 回 值： 无
 126          -----------------------------------------------------------------*/
 127                  void    ledFlash_init()
 128                  {
 129   1                      gf_flash=0;
 130   1                      gb_flashTime=0;
 131   1              }
 132          
 133          
 134          
 135          
 136          ///*-----------------------------------------------------------------
 137          //函数名称： void       time_deal(void)
 138          //函数功能： 工作计时处理,时间基准20ms
 139          //输入参数： 无
 140          //返 回 值： 无
 141          //-----------------------------------------------------------------*/
 142          //      void    time_deal()
 143          //      {
 144          //      //--------------------------------闪烁计时
 145          //              if(++gb_flashTime>=25)
 146          //              {
 147          //                      gb_flashTime=0;
 148          //                      gf_flash=~gf_flash;
 149          //              }
 150          //      //--------------------------------闪烁计时end
 151          //
 152          //      }
 153          
 154          
 155          
 156          
 157          
 158          
 159          


MODULE INFORMATION:   STATIC OVERLAYABLE
   CODE SIZE        =     60    ----
   CONSTANT SIZE    =   ----    ----
   XDATA SIZE       =      1    ----
   PDATA SIZE       =   ----    ----
   DATA SIZE        =     10    ----
   IDATA SIZE       =   ----    ----
   BIT SIZE         =   ----    ----
   EDATA SIZE       =   ----    ----
   HDATA SIZE       =   ----    ----
   XDATA CONST SIZE =   ----    ----
   FAR CONST SIZE   =   ----    ----
END OF MODULE INFORMATION.


C51 COMPILATION COMPLETE.  0 WARNING(S),  0 ERROR(S)
